<?xml version="1.0" encoding="UTF-8"?>
<!-- Generated by org.testng.reporters.JUnitReportReporter -->
<testsuite hostname="DESKTOP-4TS1G3G" name="TestRunner.mySampleStory" tests="1" failures="0" timestamp="22 Jul 2019 18:21:43 GMT" time="86.030" errors="0">
  <testcase name="feature" time="86.030" classname="TestRunner.mySampleStory"/>
</testsuite> <!-- TestRunner.mySampleStory -->
