<?xml version="1.0" encoding="UTF-8"?>
<!-- Generated by org.testng.reporters.JUnitReportReporter -->
<testsuite hostname="DESKTOP-4TS1G3G" name="TestRunner.mySampleStory" tests="1" failures="0" timestamp="22 Jul 2019 10:45:22 GMT" time="85.659" errors="0">
  <testcase name="feature" time="85.659" classname="TestRunner.mySampleStory"/>
</testsuite> <!-- TestRunner.mySampleStory -->
